<?xml version="1.0" encoding="UTF-8"?>
<testsuite name="com.mindex.challenge.DataBootstrapTest" tests="1" skipped="0" failures="0" errors="0" timestamp="2021-09-25T22:00:35" hostname="DESKTOP-7SHIS5M" time="0.006">
  <properties/>
  <testcase name="test" classname="com.mindex.challenge.DataBootstrapTest" time="0.006"/>
  <system-out><![CDATA[2021-09-25 18:00:35.421  INFO 10236 --- [    Test worker] .b.t.c.SpringBootTestContextBootstrapper : Neither @ContextConfiguration nor @ContextHierarchy found for test class [com.mindex.challenge.DataBootstrapTest], using SpringBootContextLoader
2021-09-25 18:00:35.422  INFO 10236 --- [    Test worker] o.s.t.c.support.AbstractContextLoader    : Could not detect default resource locations for test class [com.mindex.challenge.DataBootstrapTest]: no resource found for suffixes {-context.xml, Context.groovy}.
2021-09-25 18:00:35.422  INFO 10236 --- [    Test worker] t.c.s.AnnotationConfigContextLoaderUtils : Could not detect default configuration classes for test class [com.mindex.challenge.DataBootstrapTest]: DataBootstrapTest does not declare any static, non-private, non-final, nested classes annotated with @Configuration.
2021-09-25 18:00:35.424  INFO 10236 --- [    Test worker] .b.t.c.SpringBootTestContextBootstrapper : Found @SpringBootConfiguration com.mindex.challenge.ChallengeApplication for test class com.mindex.challenge.DataBootstrapTest
2021-09-25 18:00:35.426  INFO 10236 --- [    Test worker] .b.t.c.SpringBootTestContextBootstrapper : Loaded default TestExecutionListener class names from location [META-INF/spring.factories]: [org.springframework.boot.test.autoconfigure.restdocs.RestDocsTestExecutionListener, org.springframework.boot.test.autoconfigure.web.client.MockRestServiceServerResetTestExecutionListener, org.springframework.boot.test.autoconfigure.web.servlet.MockMvcPrintOnlyOnFailureTestExecutionListener, org.springframework.boot.test.autoconfigure.web.servlet.WebDriverTestExecutionListener, org.springframework.boot.test.mock.mockito.MockitoTestExecutionListener, org.springframework.boot.test.mock.mockito.ResetMocksTestExecutionListener, org.springframework.test.context.web.ServletTestExecutionListener, org.springframework.test.context.support.DirtiesContextBeforeModesTestExecutionListener, org.springframework.test.context.support.DependencyInjectionTestExecutionListener, org.springframework.test.context.support.DirtiesContextTestExecutionListener, org.springframework.test.context.transaction.TransactionalTestExecutionListener, org.springframework.test.context.jdbc.SqlScriptsTestExecutionListener, org.springframework.test.context.event.EventPublishingTestExecutionListener]
2021-09-25 18:00:35.426  INFO 10236 --- [    Test worker] .b.t.c.SpringBootTestContextBootstrapper : Using TestExecutionListeners: [org.springframework.test.context.web.ServletTestExecutionListener@19134cb8, org.springframework.test.context.support.DirtiesContextBeforeModesTestExecutionListener@7d255829, org.springframework.boot.test.mock.mockito.MockitoTestExecutionListener@68e9a67c, org.springframework.boot.test.autoconfigure.SpringBootDependencyInjectionTestExecutionListener@23745c94, org.springframework.test.context.support.DirtiesContextTestExecutionListener@2001b2ce, org.springframework.test.context.transaction.TransactionalTestExecutionListener@77b252f7, org.springframework.test.context.jdbc.SqlScriptsTestExecutionListener@52cdd03b, org.springframework.test.context.event.EventPublishingTestExecutionListener@535cb60a, org.springframework.boot.test.autoconfigure.restdocs.RestDocsTestExecutionListener@7e66e96d, org.springframework.boot.test.autoconfigure.web.client.MockRestServiceServerResetTestExecutionListener@1b2639bc, org.springframework.boot.test.autoconfigure.web.servlet.MockMvcPrintOnlyOnFailureTestExecutionListener@27566eeb, org.springframework.boot.test.autoconfigure.web.servlet.WebDriverTestExecutionListener@110c70ed, org.springframework.boot.test.mock.mockito.ResetMocksTestExecutionListener@58e8de20]
]]></system-out>
  <system-err><![CDATA[]]></system-err>
</testsuite>
