<?xml version="1.0" encoding="UTF-8"?>
<testsuite name="com.mindex.challenge.service.impl.CompensationServiceImplTest" tests="1" skipped="0" failures="0" errors="0" timestamp="2021-09-25T22:00:35" hostname="DESKTOP-7SHIS5M" time="0.046">
  <properties/>
  <testcase name="testCompensationCreateRead" classname="com.mindex.challenge.service.impl.CompensationServiceImplTest" time="0.046"/>
  <system-out><![CDATA[2021-09-25 18:00:35.435  INFO 10236 --- [    Test worker] .b.t.c.SpringBootTestContextBootstrapper : Neither @ContextConfiguration nor @ContextHierarchy found for test class [com.mindex.challenge.service.impl.CompensationServiceImplTest], using SpringBootContextLoader
2021-09-25 18:00:35.436  INFO 10236 --- [    Test worker] o.s.t.c.support.AbstractContextLoader    : Could not detect default resource locations for test class [com.mindex.challenge.service.impl.CompensationServiceImplTest]: no resource found for suffixes {-context.xml, Context.groovy}.
2021-09-25 18:00:35.436  INFO 10236 --- [    Test worker] t.c.s.AnnotationConfigContextLoaderUtils : Could not detect default configuration classes for test class [com.mindex.challenge.service.impl.CompensationServiceImplTest]: CompensationServiceImplTest does not declare any static, non-private, non-final, nested classes annotated with @Configuration.
2021-09-25 18:00:35.438  INFO 10236 --- [    Test worker] .b.t.c.SpringBootTestContextBootstrapper : Found @SpringBootConfiguration com.mindex.challenge.ChallengeApplication for test class com.mindex.challenge.service.impl.CompensationServiceImplTest
2021-09-25 18:00:35.439  INFO 10236 --- [    Test worker] .b.t.c.SpringBootTestContextBootstrapper : Loaded default TestExecutionListener class names from location [META-INF/spring.factories]: [org.springframework.boot.test.autoconfigure.restdocs.RestDocsTestExecutionListener, org.springframework.boot.test.autoconfigure.web.client.MockRestServiceServerResetTestExecutionListener, org.springframework.boot.test.autoconfigure.web.servlet.MockMvcPrintOnlyOnFailureTestExecutionListener, org.springframework.boot.test.autoconfigure.web.servlet.WebDriverTestExecutionListener, org.springframework.boot.test.mock.mockito.MockitoTestExecutionListener, org.springframework.boot.test.mock.mockito.ResetMocksTestExecutionListener, org.springframework.test.context.web.ServletTestExecutionListener, org.springframework.test.context.support.DirtiesContextBeforeModesTestExecutionListener, org.springframework.test.context.support.DependencyInjectionTestExecutionListener, org.springframework.test.context.support.DirtiesContextTestExecutionListener, org.springframework.test.context.transaction.TransactionalTestExecutionListener, org.springframework.test.context.jdbc.SqlScriptsTestExecutionListener, org.springframework.test.context.event.EventPublishingTestExecutionListener]
2021-09-25 18:00:35.439  INFO 10236 --- [    Test worker] .b.t.c.SpringBootTestContextBootstrapper : Using TestExecutionListeners: [org.springframework.test.context.web.ServletTestExecutionListener@210deeca, org.springframework.test.context.support.DirtiesContextBeforeModesTestExecutionListener@5eac9d34, org.springframework.boot.test.mock.mockito.MockitoTestExecutionListener@327b8969, org.springframework.boot.test.autoconfigure.SpringBootDependencyInjectionTestExecutionListener@2ae39d9a, org.springframework.test.context.support.DirtiesContextTestExecutionListener@64565db2, org.springframework.test.context.transaction.TransactionalTestExecutionListener@5ea93931, org.springframework.test.context.jdbc.SqlScriptsTestExecutionListener@3077c34c, org.springframework.test.context.event.EventPublishingTestExecutionListener@64e9795, org.springframework.boot.test.autoconfigure.restdocs.RestDocsTestExecutionListener@50a3f123, org.springframework.boot.test.autoconfigure.web.client.MockRestServiceServerResetTestExecutionListener@47d43ab7, org.springframework.boot.test.autoconfigure.web.servlet.MockMvcPrintOnlyOnFailureTestExecutionListener@49b7eca2, org.springframework.boot.test.autoconfigure.web.servlet.WebDriverTestExecutionListener@3bb7383e, org.springframework.boot.test.mock.mockito.ResetMocksTestExecutionListener@7452fc82]
2021-09-25 18:00:35.466 DEBUG 10236 --- [o-auto-1-exec-7] c.m.c.controller.CompensationController  : Received Compensation create request for [com.mindex.challenge.data.Compensation@511fbbf4]
2021-09-25 18:00:35.467 DEBUG 10236 --- [o-auto-1-exec-7] c.m.c.s.impl.CompensationServiceImpl     : creating compensation [com.mindex.challenge.data.Compensation@511fbbf4]
2021-09-25 18:00:35.472  INFO 10236 --- [-server-worker2] d.b.mongo.backend.AbstractMongoDatabase  : adding unique _id index for collection compensation
2021-09-25 18:00:35.472  INFO 10236 --- [-server-worker2] d.b.mongo.backend.AbstractMongoDatabase  : created collection test.compensation
2021-09-25 18:00:35.478 DEBUG 10236 --- [o-auto-1-exec-8] c.m.c.controller.CompensationController  : Received Compensation read request for employee with id [16a596ae-edd3-4847-99fe-c4518e82c86f]
2021-09-25 18:00:35.478 DEBUG 10236 --- [o-auto-1-exec-8] c.m.c.s.impl.CompensationServiceImpl     : Reading compensation for id [16a596ae-edd3-4847-99fe-c4518e82c86f]
]]></system-out>
  <system-err><![CDATA[]]></system-err>
</testsuite>
