<?xml version="1.0" encoding="UTF-8"?>
<testsuite name="com.mindex.challenge.service.impl.EmployeeServiceImplTest" tests="1" skipped="0" failures="0" errors="0" timestamp="2021-09-25T22:00:35" hostname="DESKTOP-7SHIS5M" time="0.028">
  <properties/>
  <testcase name="testCreateReadUpdate" classname="com.mindex.challenge.service.impl.EmployeeServiceImplTest" time="0.028"/>
  <system-out><![CDATA[2021-09-25 18:00:35.490  INFO 10236 --- [    Test worker] .b.t.c.SpringBootTestContextBootstrapper : Neither @ContextConfiguration nor @ContextHierarchy found for test class [com.mindex.challenge.service.impl.EmployeeServiceImplTest], using SpringBootContextLoader
2021-09-25 18:00:35.491  INFO 10236 --- [    Test worker] o.s.t.c.support.AbstractContextLoader    : Could not detect default resource locations for test class [com.mindex.challenge.service.impl.EmployeeServiceImplTest]: no resource found for suffixes {-context.xml, Context.groovy}.
2021-09-25 18:00:35.491  INFO 10236 --- [    Test worker] t.c.s.AnnotationConfigContextLoaderUtils : Could not detect default configuration classes for test class [com.mindex.challenge.service.impl.EmployeeServiceImplTest]: EmployeeServiceImplTest does not declare any static, non-private, non-final, nested classes annotated with @Configuration.
2021-09-25 18:00:35.492  INFO 10236 --- [    Test worker] .b.t.c.SpringBootTestContextBootstrapper : Found @SpringBootConfiguration com.mindex.challenge.ChallengeApplication for test class com.mindex.challenge.service.impl.EmployeeServiceImplTest
2021-09-25 18:00:35.493  INFO 10236 --- [    Test worker] .b.t.c.SpringBootTestContextBootstrapper : Loaded default TestExecutionListener class names from location [META-INF/spring.factories]: [org.springframework.boot.test.autoconfigure.restdocs.RestDocsTestExecutionListener, org.springframework.boot.test.autoconfigure.web.client.MockRestServiceServerResetTestExecutionListener, org.springframework.boot.test.autoconfigure.web.servlet.MockMvcPrintOnlyOnFailureTestExecutionListener, org.springframework.boot.test.autoconfigure.web.servlet.WebDriverTestExecutionListener, org.springframework.boot.test.mock.mockito.MockitoTestExecutionListener, org.springframework.boot.test.mock.mockito.ResetMocksTestExecutionListener, org.springframework.test.context.web.ServletTestExecutionListener, org.springframework.test.context.support.DirtiesContextBeforeModesTestExecutionListener, org.springframework.test.context.support.DependencyInjectionTestExecutionListener, org.springframework.test.context.support.DirtiesContextTestExecutionListener, org.springframework.test.context.transaction.TransactionalTestExecutionListener, org.springframework.test.context.jdbc.SqlScriptsTestExecutionListener, org.springframework.test.context.event.EventPublishingTestExecutionListener]
2021-09-25 18:00:35.493  INFO 10236 --- [    Test worker] .b.t.c.SpringBootTestContextBootstrapper : Using TestExecutionListeners: [org.springframework.test.context.web.ServletTestExecutionListener@4564b65, org.springframework.test.context.support.DirtiesContextBeforeModesTestExecutionListener@7f73736c, org.springframework.boot.test.mock.mockito.MockitoTestExecutionListener@324e2d62, org.springframework.boot.test.autoconfigure.SpringBootDependencyInjectionTestExecutionListener@418abbe2, org.springframework.test.context.support.DirtiesContextTestExecutionListener@7731cdd5, org.springframework.test.context.transaction.TransactionalTestExecutionListener@133d384c, org.springframework.test.context.jdbc.SqlScriptsTestExecutionListener@50db3274, org.springframework.test.context.event.EventPublishingTestExecutionListener@441ac626, org.springframework.boot.test.autoconfigure.restdocs.RestDocsTestExecutionListener@3dbce415, org.springframework.boot.test.autoconfigure.web.client.MockRestServiceServerResetTestExecutionListener@473944b6, org.springframework.boot.test.autoconfigure.web.servlet.MockMvcPrintOnlyOnFailureTestExecutionListener@4ef896b7, org.springframework.boot.test.autoconfigure.web.servlet.WebDriverTestExecutionListener@5cc152b8, org.springframework.boot.test.mock.mockito.ResetMocksTestExecutionListener@6879979]
2021-09-25 18:00:35.506 DEBUG 10236 --- [o-auto-1-exec-9] c.m.c.controller.EmployeeController      : Received employee create request for [com.mindex.challenge.data.Employee@27ec3345]
2021-09-25 18:00:35.506 DEBUG 10236 --- [o-auto-1-exec-9] c.m.c.service.impl.EmployeeServiceImpl   : Creating employee [com.mindex.challenge.data.Employee@27ec3345]
2021-09-25 18:00:35.511 DEBUG 10236 --- [-auto-1-exec-10] c.m.c.controller.EmployeeController      : Received employee create request for id [ffbfad4b-aa72-4537-aa8e-a7ad1ba9f038]
2021-09-25 18:00:35.511 DEBUG 10236 --- [-auto-1-exec-10] c.m.c.service.impl.EmployeeServiceImpl   : Creating employee with id [ffbfad4b-aa72-4537-aa8e-a7ad1ba9f038]
2021-09-25 18:00:35.517 DEBUG 10236 --- [o-auto-1-exec-1] c.m.c.controller.EmployeeController      : Received employee create request for id [ffbfad4b-aa72-4537-aa8e-a7ad1ba9f038] and employee [com.mindex.challenge.data.Employee@611a8430]
2021-09-25 18:00:35.518 DEBUG 10236 --- [o-auto-1-exec-1] c.m.c.service.impl.EmployeeServiceImpl   : Updating employee [com.mindex.challenge.data.Employee@611a8430]
]]></system-out>
  <system-err><![CDATA[]]></system-err>
</testsuite>
