<?xml version="1.0" encoding="UTF-8"?>
<testsuite name="com.mindex.challenge.ChallengeApplicationTests" tests="1" skipped="0" failures="0" errors="0" timestamp="2021-09-25T22:00:35" hostname="DESKTOP-7SHIS5M" time="0.004">
  <properties/>
  <testcase name="contextLoads" classname="com.mindex.challenge.ChallengeApplicationTests" time="0.004"/>
  <system-out><![CDATA[2021-09-25 18:00:34.693  INFO 10236 --- [    Test worker] .b.t.c.SpringBootTestContextBootstrapper : Neither @ContextConfiguration nor @ContextHierarchy found for test class [com.mindex.challenge.ChallengeApplicationTests], using SpringBootContextLoader
2021-09-25 18:00:34.694  INFO 10236 --- [    Test worker] o.s.t.c.support.AbstractContextLoader    : Could not detect default resource locations for test class [com.mindex.challenge.ChallengeApplicationTests]: no resource found for suffixes {-context.xml, Context.groovy}.
2021-09-25 18:00:34.694  INFO 10236 --- [    Test worker] t.c.s.AnnotationConfigContextLoaderUtils : Could not detect default configuration classes for test class [com.mindex.challenge.ChallengeApplicationTests]: ChallengeApplicationTests does not declare any static, non-private, non-final, nested classes annotated with @Configuration.
2021-09-25 18:00:34.699  INFO 10236 --- [    Test worker] .b.t.c.SpringBootTestContextBootstrapper : Found @SpringBootConfiguration com.mindex.challenge.ChallengeApplication for test class com.mindex.challenge.ChallengeApplicationTests
2021-09-25 18:00:34.701  INFO 10236 --- [    Test worker] .b.t.c.SpringBootTestContextBootstrapper : Loaded default TestExecutionListener class names from location [META-INF/spring.factories]: [org.springframework.boot.test.autoconfigure.restdocs.RestDocsTestExecutionListener, org.springframework.boot.test.autoconfigure.web.client.MockRestServiceServerResetTestExecutionListener, org.springframework.boot.test.autoconfigure.web.servlet.MockMvcPrintOnlyOnFailureTestExecutionListener, org.springframework.boot.test.autoconfigure.web.servlet.WebDriverTestExecutionListener, org.springframework.boot.test.mock.mockito.MockitoTestExecutionListener, org.springframework.boot.test.mock.mockito.ResetMocksTestExecutionListener, org.springframework.test.context.web.ServletTestExecutionListener, org.springframework.test.context.support.DirtiesContextBeforeModesTestExecutionListener, org.springframework.test.context.support.DependencyInjectionTestExecutionListener, org.springframework.test.context.support.DirtiesContextTestExecutionListener, org.springframework.test.context.transaction.TransactionalTestExecutionListener, org.springframework.test.context.jdbc.SqlScriptsTestExecutionListener, org.springframework.test.context.event.EventPublishingTestExecutionListener]
2021-09-25 18:00:34.701  INFO 10236 --- [    Test worker] .b.t.c.SpringBootTestContextBootstrapper : Using TestExecutionListeners: [org.springframework.test.context.web.ServletTestExecutionListener@1d9a5ebc, org.springframework.test.context.support.DirtiesContextBeforeModesTestExecutionListener@6ee5e1f1, org.springframework.boot.test.mock.mockito.MockitoTestExecutionListener@48f424bc, org.springframework.boot.test.autoconfigure.SpringBootDependencyInjectionTestExecutionListener@16d3db61, org.springframework.test.context.support.DirtiesContextTestExecutionListener@59f318b9, org.springframework.test.context.transaction.TransactionalTestExecutionListener@18d8801f, org.springframework.test.context.jdbc.SqlScriptsTestExecutionListener@71e0967c, org.springframework.test.context.event.EventPublishingTestExecutionListener@79e053f2, org.springframework.boot.test.autoconfigure.restdocs.RestDocsTestExecutionListener@3897aaa7, org.springframework.boot.test.autoconfigure.web.client.MockRestServiceServerResetTestExecutionListener@64931dd2, org.springframework.boot.test.autoconfigure.web.servlet.MockMvcPrintOnlyOnFailureTestExecutionListener@1135344a, org.springframework.boot.test.autoconfigure.web.servlet.WebDriverTestExecutionListener@6ab19a5d, org.springframework.boot.test.mock.mockito.ResetMocksTestExecutionListener@6f76c73e]

  .   ____          _            __ _ _
 /\\ / ___'_ __ _ _(_)_ __  __ _ \ \ \ \
( ( )\___ | '_ | '_| | '_ \/ _` | \ \ \ \
 \\/  ___)| |_)| | | | | || (_| |  ) ) ) )
  '  |____| .__|_| |_|_| |_\__, | / / / /
 =========|_|==============|___/=/_/_/_/
 :: Spring Boot ::        (v2.2.0.RELEASE)

2021-09-25 18:00:34.730  INFO 10236 --- [    Test worker] c.m.challenge.ChallengeApplicationTests  : Starting ChallengeApplicationTests on DESKTOP-7SHIS5M with PID 10236 (started by Zelia in C:\Users\Zelia\Misc Projects\mindex-java-code-challenge)
2021-09-25 18:00:34.730 DEBUG 10236 --- [    Test worker] c.m.challenge.ChallengeApplicationTests  : Running with Spring Boot v2.2.0.RELEASE, Spring v5.2.0.RELEASE
2021-09-25 18:00:34.731  INFO 10236 --- [    Test worker] c.m.challenge.ChallengeApplicationTests  : No active profile set, falling back to default profiles: default
2021-09-25 18:00:34.860  INFO 10236 --- [    Test worker] .s.d.r.c.RepositoryConfigurationDelegate : Bootstrapping Spring Data repositories in DEFAULT mode.
2021-09-25 18:00:34.870  INFO 10236 --- [    Test worker] .s.d.r.c.RepositoryConfigurationDelegate : Finished Spring Data repository scanning in 10ms. Found 2 repository interfaces.
2021-09-25 18:00:34.970  INFO 10236 --- [    Test worker] de.bwaldvogel.mongo.MongoServer          : started MongoServer(port: 54974, ssl: false)
2021-09-25 18:00:34.972  INFO 10236 --- [    Test worker] org.mongodb.driver.cluster               : Cluster created with settings {hosts=[127.0.0.1:54974], mode=SINGLE, requiredClusterType=UNKNOWN, serverSelectionTimeout='30000 ms', maxWaitQueueSize=500}
2021-09-25 18:00:34.976  INFO 10236 --- [-server-worker1] d.b.mongo.wire.MongoWireProtocolHandler  : client [id: 0x3a408742, L:/127.0.0.1:54974 - R:/127.0.0.1:54975] connected
2021-09-25 18:00:34.979  WARN 10236 --- [    Test worker] o.s.data.convert.CustomConversions       : Registering converter from class java.time.LocalDateTime to class java.time.Instant as reading converter although it doesn't convert from a store-supported type! You might wanna check you annotation setup at the converter implementation.
2021-09-25 18:00:34.979  WARN 10236 --- [    Test worker] o.s.data.convert.CustomConversions       : Registering converter from class java.time.Instant to class java.time.LocalDateTime as reading converter although it doesn't convert from a store-supported type! You might wanna check you annotation setup at the converter implementation.
2021-09-25 18:00:34.980  WARN 10236 --- [    Test worker] o.s.data.convert.CustomConversions       : Registering converter from class java.time.LocalDateTime to class java.time.Instant as reading converter although it doesn't convert from a store-supported type! You might wanna check you annotation setup at the converter implementation.
2021-09-25 18:00:34.981  WARN 10236 --- [    Test worker] o.s.data.convert.CustomConversions       : Registering converter from class java.time.Instant to class java.time.LocalDateTime as reading converter although it doesn't convert from a store-supported type! You might wanna check you annotation setup at the converter implementation.
2021-09-25 18:00:34.988  INFO 10236 --- [127.0.0.1:54974] org.mongodb.driver.connection            : Opened connection [connectionId{localValue:3}] to 127.0.0.1:54974
2021-09-25 18:00:34.989  INFO 10236 --- [127.0.0.1:54974] org.mongodb.driver.cluster               : Monitor thread successfully connected to server with description ServerDescription{address=127.0.0.1:54974, type=STANDALONE, state=CONNECTED, ok=true, version=ServerVersion{versionList=[3, 0, 0]}, minWireVersion=0, maxWireVersion=2, maxDocumentSize=16777216, logicalSessionTimeoutMinutes=null, roundTripTimeNanos=750400}
2021-09-25 18:00:35.034  INFO 10236 --- [-server-worker2] d.b.mongo.wire.MongoWireProtocolHandler  : client [id: 0xf8484248, L:/127.0.0.1:54974 - R:/127.0.0.1:54976] connected
2021-09-25 18:00:35.044  INFO 10236 --- [    Test worker] org.mongodb.driver.connection            : Opened connection [connectionId{localValue:4}] to 127.0.0.1:54974
2021-09-25 18:00:35.045  INFO 10236 --- [-server-worker2] d.b.mongo.backend.AbstractMongoBackend   : created database test
2021-09-25 18:00:35.045  INFO 10236 --- [-server-worker2] d.b.mongo.backend.AbstractMongoDatabase  : adding unique _id index for collection employee
2021-09-25 18:00:35.045  INFO 10236 --- [-server-worker2] d.b.mongo.backend.AbstractMongoDatabase  : created collection test.employee
2021-09-25 18:00:35.226  INFO 10236 --- [    Test worker] o.s.s.concurrent.ThreadPoolTaskExecutor  : Initializing ExecutorService 'applicationTaskExecutor'
2021-09-25 18:00:35.344  WARN 10236 --- [    Test worker] o.s.data.convert.CustomConversions       : Registering converter from class java.time.LocalDateTime to class java.time.Instant as reading converter although it doesn't convert from a store-supported type! You might wanna check you annotation setup at the converter implementation.
2021-09-25 18:00:35.346  WARN 10236 --- [    Test worker] o.s.data.convert.CustomConversions       : Registering converter from class java.time.Instant to class java.time.LocalDateTime as reading converter although it doesn't convert from a store-supported type! You might wanna check you annotation setup at the converter implementation.
2021-09-25 18:00:35.361  WARN 10236 --- [    Test worker] o.s.data.convert.CustomConversions       : Registering converter from class java.time.LocalDateTime to class java.time.Instant as reading converter although it doesn't convert from a store-supported type! You might wanna check you annotation setup at the converter implementation.
2021-09-25 18:00:35.362  WARN 10236 --- [    Test worker] o.s.data.convert.CustomConversions       : Registering converter from class java.time.Instant to class java.time.LocalDateTime as reading converter although it doesn't convert from a store-supported type! You might wanna check you annotation setup at the converter implementation.
2021-09-25 18:00:35.406  INFO 10236 --- [    Test worker] c.m.challenge.ChallengeApplicationTests  : Started ChallengeApplicationTests in 0.699 seconds (JVM running for 6.348)
]]></system-out>
  <system-err><![CDATA[]]></system-err>
</testsuite>
